<?xml version="1.0" encoding="UTF-8"?>
<testsuite name="com.ivolve.AppTest" tests="1" skipped="0" failures="0" errors="0" timestamp="2025-06-30T06:28:59.781Z" hostname="DESKTOP-TQBBNJ4" time="0.03">
  <properties/>
  <testcase name="testMainOutput" classname="com.ivolve.AppTest" time="0.03"/>
  <system-out><![CDATA[]]></system-out>
  <system-err><![CDATA[]]></system-err>
</testsuite>
